<?xml version="1.0" encoding="UTF-8"?><testsuite errors="3" failures="0" name="I as a DEMO user, want to interact with the products on the OpenCart page" skipped="0" tests="3" time="0.79" timestamp="2022-05-26 10:52:17"><testcase name="Error in adding a product on the OpenCart page"><error type="java.lang.NullPointerException"/><system-err>null&#13;
org.apache.commons.lang3.SystemUtils.isJavaVersionAtLeast(SystemUtils.java:1654)&#13;
org.apache.commons.lang3.ClassUtils.isAssignable(ClassUtils.java:760)&#13;
co.com.choucair.certification.openCart.tasks.OpenUp.performAs(OpenUp.java:16)&#13;
co.com.choucair.certification.openCart.stepdefinitions.StepDefinitionsInteractProducts.accessToTheOpenCartPage(StepDefinitionsInteractProducts.java:24)&#13;
java.base/jdk.internal.reflect.NativeMethodAccessorImpl.invoke0(Native Method)&#13;
java.base/jdk.internal.reflect.NativeMethodAccessorImpl.invoke(NativeMethodAccessorImpl.java:62)&#13;
java.base/jdk.internal.reflect.DelegatingMethodAccessorImpl.invoke(DelegatingMethodAccessorImpl.java:43)&#13;
cucumber.runner.Runner.runPickle(Runner.java:80)&#13;
java.base/jdk.internal.reflect.NativeMethodAccessorImpl.invoke0(Native Method)&#13;
java.base/jdk.internal.reflect.NativeMethodAccessorImpl.invoke(NativeMethodAccessorImpl.java:62)&#13;
java.base/jdk.internal.reflect.DelegatingMethodAccessorImpl.invoke(DelegatingMethodAccessorImpl.java:43)&#13;
worker.org.gradle.process.internal.worker.GradleWorkerMain.run(GradleWorkerMain.java:69)&#13;
worker.org.gradle.process.internal.worker.GradleWorkerMain.main(GradleWorkerMain.java:74)&#13;
</system-err></testcase><testcase name="Error in modifying a product on the OpenCart page"><error type="java.lang.NullPointerException"/><system-err>null&#13;
org.apache.commons.lang3.SystemUtils.isJavaVersionAtLeast(SystemUtils.java:1654)&#13;
org.apache.commons.lang3.ClassUtils.isAssignable(ClassUtils.java:760)&#13;
co.com.choucair.certification.openCart.tasks.OpenUp.performAs(OpenUp.java:16)&#13;
co.com.choucair.certification.openCart.stepdefinitions.StepDefinitionsInteractProducts.accessToTheOpenCartPage(StepDefinitionsInteractProducts.java:24)&#13;
java.base/jdk.internal.reflect.NativeMethodAccessorImpl.invoke0(Native Method)&#13;
java.base/jdk.internal.reflect.NativeMethodAccessorImpl.invoke(NativeMethodAccessorImpl.java:62)&#13;
java.base/jdk.internal.reflect.DelegatingMethodAccessorImpl.invoke(DelegatingMethodAccessorImpl.java:43)&#13;
cucumber.runner.Runner.runPickle(Runner.java:80)&#13;
java.base/jdk.internal.reflect.NativeMethodAccessorImpl.invoke0(Native Method)&#13;
java.base/jdk.internal.reflect.NativeMethodAccessorImpl.invoke(NativeMethodAccessorImpl.java:62)&#13;
java.base/jdk.internal.reflect.DelegatingMethodAccessorImpl.invoke(DelegatingMethodAccessorImpl.java:43)&#13;
worker.org.gradle.process.internal.worker.GradleWorkerMain.run(GradleWorkerMain.java:69)&#13;
worker.org.gradle.process.internal.worker.GradleWorkerMain.main(GradleWorkerMain.java:74)&#13;
</system-err></testcase><testcase name="Search for a product using the filter"><error type="java.lang.NullPointerException"/><system-err>null&#13;
org.apache.commons.lang3.SystemUtils.isJavaVersionAtLeast(SystemUtils.java:1654)&#13;
org.apache.commons.lang3.ClassUtils.isAssignable(ClassUtils.java:760)&#13;
co.com.choucair.certification.openCart.tasks.OpenUp.performAs(OpenUp.java:16)&#13;
co.com.choucair.certification.openCart.stepdefinitions.StepDefinitionsInteractProducts.accessToTheOpenCartPage(StepDefinitionsInteractProducts.java:24)&#13;
java.base/jdk.internal.reflect.NativeMethodAccessorImpl.invoke0(Native Method)&#13;
java.base/jdk.internal.reflect.NativeMethodAccessorImpl.invoke(NativeMethodAccessorImpl.java:62)&#13;
java.base/jdk.internal.reflect.DelegatingMethodAccessorImpl.invoke(DelegatingMethodAccessorImpl.java:43)&#13;
cucumber.runner.Runner.runPickle(Runner.java:80)&#13;
java.base/jdk.internal.reflect.NativeMethodAccessorImpl.invoke0(Native Method)&#13;
java.base/jdk.internal.reflect.NativeMethodAccessorImpl.invoke(NativeMethodAccessorImpl.java:62)&#13;
java.base/jdk.internal.reflect.DelegatingMethodAccessorImpl.invoke(DelegatingMethodAccessorImpl.java:43)&#13;
worker.org.gradle.process.internal.worker.GradleWorkerMain.run(GradleWorkerMain.java:69)&#13;
worker.org.gradle.process.internal.worker.GradleWorkerMain.main(GradleWorkerMain.java:74)&#13;
</system-err></testcase></testsuite>