<?xml version="1.0" encoding="UTF-8" standalone="no"?><testsuite errors="3" failures="0" name="I as a DEMO user want to interact with the products on the OpenCart page" skipped="0" tests="3" time="0.57" timestamp="2022-05-26 11:01:40"><testcase name="Error in adding a product on the OpenCart page"><error type="java.lang.ExceptionInInitializerError"/><system-err>null&#13;
co.com.choucair.certification.openCart.tasks.OpenUp.thePage(OpenUp.java:12)&#13;
co.com.choucair.certification.openCart.stepdefinitions.StepDefinitionsInteractProducts.accessToTheOpenCartPage(StepDefinitionsInteractProducts.java:22)&#13;
✽.I am logged in as a DEMO user on the OpenCart Page(file:///C:/Users/Nekrosante/IdeaProjects/co.com.choucair.certification.openCart/src/test/resources/features/opencart.feature:5)&#13;
</system-err></testcase><testcase name="Error in modifying a product on the OpenCart page"><error message="Could not initialize class co.com.choucair.certification.openCart.userinterfaces.OpenCartPage" type="java.lang.NoClassDefFoundError">Could not initialize class co.com.choucair.certification.openCart.userinterfaces.OpenCartPage</error><system-err>Could not initialize class co.com.choucair.certification.openCart.userinterfaces.OpenCartPage&#13;
co.com.choucair.certification.openCart.tasks.OpenUp.thePage(OpenUp.java:12)&#13;
co.com.choucair.certification.openCart.stepdefinitions.StepDefinitionsInteractProducts.accessToTheOpenCartPage(StepDefinitionsInteractProducts.java:22)&#13;
✽.I am logged in as a DEMO user on the OpenCart Page(file:///C:/Users/Nekrosante/IdeaProjects/co.com.choucair.certification.openCart/src/test/resources/features/opencart.feature:5)&#13;
</system-err></testcase><testcase name="Search for a product using the filter"><error message="Could not initialize class co.com.choucair.certification.openCart.userinterfaces.OpenCartPage" type="java.lang.NoClassDefFoundError">Could not initialize class co.com.choucair.certification.openCart.userinterfaces.OpenCartPage</error><system-err>Could not initialize class co.com.choucair.certification.openCart.userinterfaces.OpenCartPage&#13;
co.com.choucair.certification.openCart.tasks.OpenUp.thePage(OpenUp.java:12)&#13;
co.com.choucair.certification.openCart.stepdefinitions.StepDefinitionsInteractProducts.accessToTheOpenCartPage(StepDefinitionsInteractProducts.java:22)&#13;
✽.I am logged in as a DEMO user on the OpenCart Page(file:///C:/Users/Nekrosante/IdeaProjects/co.com.choucair.certification.openCart/src/test/resources/features/opencart.feature:5)&#13;
</system-err></testcase></testsuite>